<?xml version="1.0" encoding="UTF-8"?>
<coverage generated="1699736351565" clover="3.2.0">
  <project timestamp="1699736351565" name="All files">
    <metrics statements="45" coveredstatements="32" conditionals="6" coveredconditionals="5" methods="14" coveredmethods="11" elements="65" coveredelements="48" complexity="0" loc="45" ncloc="45" packages="3" files="3" classes="3"/>
    <package name="MovieDetail">
      <metrics statements="4" coveredstatements="4" conditionals="2" coveredconditionals="2" methods="2" coveredmethods="2"/>
      <file name="MovieDetail.tsx" path="/Users/dulceramirez/Documents/Laboratoria/MovieChallengeVite/Movie-Challenge/src/components/MovieDetail/MovieDetail.tsx">
        <metrics statements="4" coveredstatements="4" conditionals="2" coveredconditionals="2" methods="2" coveredmethods="2"/>
        <line num="7" count="1" type="stmt"/>
        <line num="11" count="8" type="stmt"/>
        <line num="12" count="8" type="stmt"/>
        <line num="40" count="8" type="stmt"/>
      </file>
    </package>
    <package name="MovieList">
      <metrics statements="12" coveredstatements="11" conditionals="2" coveredconditionals="2" methods="5" coveredmethods="4"/>
      <file name="MovieList.tsx" path="/Users/dulceramirez/Documents/Laboratoria/MovieChallengeVite/Movie-Challenge/src/components/MovieList/MovieList.tsx">
        <metrics statements="12" coveredstatements="11" conditionals="2" coveredconditionals="2" methods="5" coveredmethods="4"/>
        <line num="5" count="1" type="stmt"/>
        <line num="6" count="3" type="stmt"/>
        <line num="7" count="3" type="stmt"/>
        <line num="8" count="3" type="stmt"/>
        <line num="9" count="3" type="stmt"/>
        <line num="11" count="3" type="stmt"/>
        <line num="14" count="3" type="stmt"/>
        <line num="15" count="3" type="stmt"/>
        <line num="17" count="3" type="stmt"/>
        <line num="21" count="3" type="stmt"/>
        <line num="23" count="7" type="stmt"/>
        <line num="24" count="0" type="stmt"/>
      </file>
    </package>
    <package name="OrderByGenre">
      <metrics statements="29" coveredstatements="17" conditionals="2" coveredconditionals="1" methods="7" coveredmethods="5"/>
      <file name="OrderByGenre.tsx" path="/Users/dulceramirez/Documents/Laboratoria/MovieChallengeVite/Movie-Challenge/src/components/OrderByGenre/OrderByGenre.tsx">
        <metrics statements="29" coveredstatements="17" conditionals="2" coveredconditionals="1" methods="7" coveredmethods="5"/>
        <line num="5" count="1" type="stmt"/>
        <line num="6" count="2" type="stmt"/>
        <line num="7" count="2" type="stmt"/>
        <line num="9" count="2" type="stmt"/>
        <line num="10" count="2" type="stmt"/>
        <line num="12" count="2" type="stmt"/>
        <line num="13" count="1" type="stmt"/>
        <line num="14" count="1" type="stmt"/>
        <line num="15" count="1" type="stmt"/>
        <line num="16" count="1" type="stmt"/>
        <line num="17" count="1" type="stmt"/>
        <line num="22" count="0" type="stmt"/>
        <line num="26" count="1" type="stmt"/>
        <line num="29" count="2" type="stmt"/>
        <line num="30" count="0" type="stmt"/>
        <line num="31" count="0" type="stmt"/>
        <line num="32" count="0" type="stmt"/>
        <line num="35" count="2" type="stmt"/>
        <line num="36" count="1" type="cond" truecount="1" falsecount="1"/>
        <line num="37" count="0" type="stmt"/>
        <line num="38" count="0" type="stmt"/>
        <line num="39" count="0" type="stmt"/>
        <line num="40" count="0" type="stmt"/>
        <line num="41" count="0" type="stmt"/>
        <line num="42" count="0" type="stmt"/>
        <line num="44" count="0" type="stmt"/>
        <line num="47" count="0" type="stmt"/>
        <line num="51" count="2" type="stmt"/>
        <line num="56" count="9" type="stmt"/>
      </file>
    </package>
  </project>
</coverage>
