{"/Users/dulceramirez/Documents/Laboratoria/MovieChallengeVite/Movie-Challenge/src/components/MovieDetail/MovieDetail.tsx": {"path":"/Users/dulceramirez/Documents/Laboratoria/MovieChallengeVite/Movie-Challenge/src/components/MovieDetail/MovieDetail.tsx","statementMap":{"0":{"start":{"line":7,"column":55},"end":{"line":49,"column":1}},"1":{"start":{"line":11,"column":23},"end":{"line":11,"column":42}},"2":{"start":{"line":12,"column":2},"end":{"line":48,"column":4}},"3":{"start":{"line":40,"column":57},"end":{"line":40,"column":67}}},"fnMap":{"0":{"name":"(anonymous_0)","decl":{"start":{"line":7,"column":55},"end":{"line":7,"column":56}},"loc":{"start":{"line":10,"column":6},"end":{"line":49,"column":1}},"line":10},"1":{"name":"(anonymous_1)","decl":{"start":{"line":40,"column":39},"end":{"line":40,"column":40}},"loc":{"start":{"line":40,"column":57},"end":{"line":40,"column":67}},"line":40}},"branchMap":{"0":{"loc":{"start":{"line":21,"column":7},"end":{"line":36,"column":7}},"type":"cond-expr","locations":[{"start":{"line":22,"column":8},"end":{"line":26,"column":10}},{"start":{"line":28,"column":8},"end":{"line":35,"column":11}}],"line":21}},"s":{"0":1,"1":8,"2":8,"3":8},"f":{"0":8,"1":8},"b":{"0":[7,1]},"_coverageSchema":"1a1c01bbd47fc00a2c39e90264f33305004495a9","hash":"24dd6a7d970c23cca1d1dda16b4ef14673a7da30"}
,"/Users/dulceramirez/Documents/Laboratoria/MovieChallengeVite/Movie-Challenge/src/components/MovieList/MovieList.tsx": {"path":"/Users/dulceramirez/Documents/Laboratoria/MovieChallengeVite/Movie-Challenge/src/components/MovieList/MovieList.tsx","statementMap":{"0":{"start":{"line":5,"column":51},"end":{"line":51,"column":1}},"1":{"start":{"line":6,"column":23},"end":{"line":12,"column":3}},"2":{"start":{"line":7,"column":19},"end":{"line":7,"column":21}},"3":{"start":{"line":8,"column":4},"end":{"line":10,"column":5}},"4":{"start":{"line":8,"column":17},"end":{"line":8,"column":18}},"5":{"start":{"line":9,"column":6},"end":{"line":9,"column":49}},"6":{"start":{"line":11,"column":4},"end":{"line":11,"column":18}},"7":{"start":{"line":14,"column":20},"end":{"line":14,"column":46}},"8":{"start":{"line":15,"column":23},"end":{"line":15,"column":46}},"9":{"start":{"line":17,"column":2},"end":{"line":50,"column":4}},"10":{"start":{"line":21,"column":10},"end":{"line":46,"column":15}},"11":{"start":{"line":23,"column":14},"end":{"line":44,"column":19}},"12":{"start":{"line":24,"column":59},"end":{"line":24,"column":82}}},"fnMap":{"0":{"name":"(anonymous_0)","decl":{"start":{"line":5,"column":51},"end":{"line":5,"column":52}},"loc":{"start":{"line":5,"column":85},"end":{"line":51,"column":1}},"line":5},"1":{"name":"(anonymous_1)","decl":{"start":{"line":6,"column":23},"end":{"line":6,"column":24}},"loc":{"start":{"line":6,"column":62},"end":{"line":12,"column":3}},"line":6},"2":{"name":"(anonymous_2)","decl":{"start":{"line":20,"column":23},"end":{"line":20,"column":24}},"loc":{"start":{"line":21,"column":10},"end":{"line":46,"column":15}},"line":21},"3":{"name":"(anonymous_3)","decl":{"start":{"line":22,"column":21},"end":{"line":22,"column":22}},"loc":{"start":{"line":23,"column":14},"end":{"line":44,"column":19}},"line":23},"4":{"name":"(anonymous_4)","decl":{"start":{"line":24,"column":53},"end":{"line":24,"column":54}},"loc":{"start":{"line":24,"column":59},"end":{"line":24,"column":82}},"line":24}},"branchMap":{"0":{"loc":{"start":{"line":25,"column":19},"end":{"line":40,"column":19}},"type":"cond-expr","locations":[{"start":{"line":26,"column":20},"end":{"line":30,"column":22}},{"start":{"line":32,"column":20},"end":{"line":39,"column":23}}],"line":25}},"s":{"0":1,"1":3,"2":3,"3":3,"4":3,"5":3,"6":3,"7":3,"8":3,"9":3,"10":3,"11":7,"12":0},"f":{"0":3,"1":3,"2":3,"3":7,"4":0},"b":{"0":[6,1]},"_coverageSchema":"1a1c01bbd47fc00a2c39e90264f33305004495a9","hash":"bbe17adccdace9b2a3221f44f67280b1dd7be923"}
}
