{"/Users/dulceramirez/Documents/Laboratoria/MovieChallengeVite/Movie-Challenge/src/components/MovieDetail/MovieDetail.tsx": {"path":"/Users/dulceramirez/Documents/Laboratoria/MovieChallengeVite/Movie-Challenge/src/components/MovieDetail/MovieDetail.tsx","statementMap":{"0":{"start":{"line":7,"column":55},"end":{"line":49,"column":1}},"1":{"start":{"line":11,"column":23},"end":{"line":11,"column":42}},"2":{"start":{"line":12,"column":2},"end":{"line":48,"column":4}},"3":{"start":{"line":40,"column":57},"end":{"line":40,"column":67}}},"fnMap":{"0":{"name":"(anonymous_0)","decl":{"start":{"line":7,"column":55},"end":{"line":7,"column":56}},"loc":{"start":{"line":10,"column":6},"end":{"line":49,"column":1}},"line":10},"1":{"name":"(anonymous_1)","decl":{"start":{"line":40,"column":39},"end":{"line":40,"column":40}},"loc":{"start":{"line":40,"column":57},"end":{"line":40,"column":67}},"line":40}},"branchMap":{"0":{"loc":{"start":{"line":21,"column":7},"end":{"line":36,"column":7}},"type":"cond-expr","locations":[{"start":{"line":22,"column":8},"end":{"line":26,"column":10}},{"start":{"line":28,"column":8},"end":{"line":35,"column":11}}],"line":21}},"s":{"0":1,"1":1,"2":1,"3":1},"f":{"0":1,"1":1},"b":{"0":[1,0]},"_coverageSchema":"1a1c01bbd47fc00a2c39e90264f33305004495a9","hash":"24dd6a7d970c23cca1d1dda16b4ef14673a7da30"}
}
