TN:
SF:src/components/MovieDetail/MovieDetail.tsx
FN:7,(anonymous_0)
FN:40,(anonymous_1)
FNF:2
FNH:2
FNDA:8,(anonymous_0)
FNDA:8,(anonymous_1)
DA:7,1
DA:11,8
DA:12,8
DA:40,8
LF:4
LH:4
BRDA:21,0,0,7
BRDA:21,0,1,1
BRF:2
BRH:2
end_of_record
TN:
SF:src/components/MovieList/MovieList.tsx
FN:5,(anonymous_0)
FN:6,(anonymous_1)
FN:20,(anonymous_2)
FN:22,(anonymous_3)
FN:24,(anonymous_4)
FNF:5
FNH:4
FNDA:3,(anonymous_0)
FNDA:3,(anonymous_1)
FNDA:3,(anonymous_2)
FNDA:7,(anonymous_3)
FNDA:0,(anonymous_4)
DA:5,1
DA:6,3
DA:7,3
DA:8,3
DA:9,3
DA:11,3
DA:14,3
DA:15,3
DA:17,3
DA:21,3
DA:23,7
DA:24,0
LF:12
LH:11
BRDA:25,0,0,6
BRDA:25,0,1,1
BRF:2
BRH:2
end_of_record
