TN:
SF:src/components/MovieDetail/MovieDetail.tsx
FN:7,(anonymous_0)
FN:40,(anonymous_1)
FNF:2
FNH:2
FNDA:8,(anonymous_0)
FNDA:8,(anonymous_1)
DA:7,1
DA:11,8
DA:12,8
DA:40,8
LF:4
LH:4
BRDA:21,0,0,7
BRDA:21,0,1,1
BRF:2
BRH:2
end_of_record
TN:
SF:src/components/MovieList/MovieList.tsx
FN:5,(anonymous_0)
FN:6,(anonymous_1)
FN:20,(anonymous_2)
FN:22,(anonymous_3)
FN:24,(anonymous_4)
FNF:5
FNH:4
FNDA:3,(anonymous_0)
FNDA:3,(anonymous_1)
FNDA:3,(anonymous_2)
FNDA:7,(anonymous_3)
FNDA:0,(anonymous_4)
DA:5,1
DA:6,3
DA:7,3
DA:8,3
DA:9,3
DA:11,3
DA:14,3
DA:15,3
DA:17,3
DA:21,3
DA:23,7
DA:24,0
LF:12
LH:11
BRDA:25,0,0,6
BRDA:25,0,1,1
BRF:2
BRH:2
end_of_record
TN:
SF:src/components/OrderByGenre/OrderByGenre.tsx
FN:5,(anonymous_0)
FN:12,(anonymous_1)
FN:13,(anonymous_2)
FN:29,(anonymous_3)
FN:35,(anonymous_4)
FN:37,(anonymous_5)
FN:55,(anonymous_6)
FNF:7
FNH:5
FNDA:2,(anonymous_0)
FNDA:1,(anonymous_1)
FNDA:1,(anonymous_2)
FNDA:0,(anonymous_3)
FNDA:1,(anonymous_4)
FNDA:0,(anonymous_5)
FNDA:9,(anonymous_6)
DA:5,1
DA:6,2
DA:7,2
DA:9,2
DA:10,2
DA:12,2
DA:13,1
DA:14,1
DA:15,1
DA:16,1
DA:17,1
DA:22,0
DA:26,1
DA:29,2
DA:30,0
DA:31,0
DA:32,0
DA:35,2
DA:36,1
DA:37,0
DA:38,0
DA:39,0
DA:40,0
DA:41,0
DA:42,0
DA:44,0
DA:47,0
DA:51,2
DA:56,9
LF:29
LH:17
BRDA:36,0,0,0
BRDA:36,0,1,1
BRF:2
BRH:1
end_of_record
